<?xml version="1.0" encoding="UTF-8"?>
<!-- Generated by org.testng.reporters.JUnitReportReporter -->
<testsuite hostname="FULL137-AIR.FULL.Creative" name="com.programs.Mousemove" tests="1" failures="0" timestamp="4 Oct 2017 08:18:40 GMT" time="4.707" errors="0">
  <testcase name="testMouse" time="4.707" classname="com.programs.Mousemove"/>
</testsuite> <!-- com.programs.Mousemove -->
