<?xml version="1.0" encoding="UTF-8"?>
<!-- Generated by org.testng.reporters.JUnitReportReporter -->
<testsuite hostname="FULL137-AIR.FULL.Creative" name="com.programs.Draganddrop" tests="1" failures="0" timestamp="4 Oct 2017 05:27:49 GMT" time="3.710" errors="0">
  <testcase name="demo" time="3.710" classname="com.programs.Draganddrop"/>
</testsuite> <!-- com.programs.Draganddrop -->
