<?xml version="1.0" encoding="UTF-8"?>
<!-- Generated by org.testng.reporters.JUnitReportReporter -->
<testsuite hostname="FULL137-AIR.FULL.Creative" name="com.programs.Handlingframes" tests="1" failures="0" timestamp="4 Oct 2017 05:28:23 GMT" time="7.468" errors="0">
  <testcase name="frame" time="7.468" classname="com.programs.Handlingframes"/>
</testsuite> <!-- com.programs.Handlingframes -->
