<?xml version="1.0" encoding="UTF-8"?>
<!-- Generated by org.testng.reporters.JUnitReportReporter -->
<testsuite hostname="FULL137-AIR.FULL.Creative" name="com.programs.Selectclassexample" tests="1" failures="0" timestamp="4 Oct 2017 06:55:19 GMT" time="6.426" errors="0">
  <testcase name="selectIndex" time="6.426" classname="com.programs.Selectclassexample"/>
</testsuite> <!-- com.programs.Selectclassexample -->
