<?xml version="1.0" encoding="UTF-8"?>
<!-- Generated by org.testng.reporters.JUnitReportReporter -->
<testsuite hostname="FULL137-AIR.FULL.Creative" name="com.programs.Exnavigate" tests="1" failures="0" timestamp="4 Oct 2017 07:48:42 GMT" time="12.453" errors="0">
  <testcase name="checkNavigate" time="12.453" classname="com.programs.Exnavigate"/>
</testsuite> <!-- com.programs.Exnavigate -->
