<?xml version="1.0" encoding="UTF-8"?>
<!-- Generated by org.testng.reporters.JUnitReportReporter -->
<testsuite hostname="FULL137-AIR.FULL.Creative" name="com.programs.Alltestngmethods" tests="2" failures="0" timestamp="4 Oct 2017 07:16:50 GMT" time="0.019" errors="0">
  <testcase name="testCase2" time="0.011" classname="com.programs.Alltestngmethods"/>
  <testcase name="testCase1" time="0.008" classname="com.programs.Alltestngmethods"/>
</testsuite> <!-- com.programs.Alltestngmethods -->
