<?xml version="1.0" encoding="UTF-8"?>
<!-- Generated by org.testng.reporters.JUnitReportReporter -->
<testsuite hostname="FULL137-AIR.FULL.Creative" name="com.programs.SendClear" tests="1" failures="0" timestamp="4 Oct 2017 06:25:55 GMT" time="7.374" errors="0">
  <testcase name="sendKeysClear" time="7.374" classname="com.programs.SendClear"/>
</testsuite> <!-- com.programs.SendClear -->
