<?xml version="1.0" encoding="UTF-8"?>
<!-- Generated by org.testng.reporters.JUnitReportReporter -->
<testsuite hostname="FULL137-AIR.FULL.Creative" name="com.programs.Testng" tests="3" failures="0" timestamp="4 Oct 2017 07:17:28 GMT" time="13.075" errors="0">
  <testcase name="second" time="3.070" classname="com.programs.Testng"/>
  <testcase name="first" time="6.428" classname="com.programs.Testng"/>
  <testcase name="third" time="3.577" classname="com.programs.Testng"/>
</testsuite> <!-- com.programs.Testng -->
